<?xml version="1.0" encoding="UTF-8"?>
<!-- Generated by org.testng.reporters.JUnitXMLReporter -->
<testsuite ignored="0" hostname="Kas-MacBook-Air.lan" failures="1" tests="7" name="Test" time="133.69" errors="0" timestamp="2023-02-01T12:36:19 AEST">
  <testcase classname="testRunner.PlanitTesting" name="verifyErrorMessage" time="3.373"/>
  <testcase classname="testRunner.PlanitTesting" name="verifySuccessfulSubmissionMsg" time="15.088"/>
  <testcase classname="testRunner.PlanitTesting" name="verifySuccessfulSubmissionMsg" time="13.196"/>
  <testcase classname="testRunner.PlanitTesting" name="verifySuccessfulSubmissionMsg" time="7.481"/>
  <testcase classname="testRunner.PlanitTesting" name="verifySuccessfulSubmissionMsg" time="2.703"/>
  <testcase classname="testRunner.PlanitTesting" name="verifySuccessfulSubmissionMsg" time="6.943"/>
  <testcase classname="testRunner.PlanitTesting" name="validateCartPage1" time="6.082">
    <failure type="java.lang.AssertionError" message="expected [9.9] but found [9.99]">
      <![CDATA[java.lang.AssertionError: expected [9.9] but found [9.99]
at testRunner.PlanitTesting.validateCartPage1(PlanitTesting.java:66)
at java.base/java.util.ArrayList.forEach(ArrayList.java:1511)
... Removed 31 stack frames]]>
    </failure>
  </testcase> <!-- validateCartPage1 -->
</testsuite> <!-- Test -->
