<?xml version="1.0" encoding="UTF-8"?>
<testng-results ignored="0" total="7" passed="6" failed="1" skipped="0">
  <reporter-output>
  </reporter-output>
  <suite started-at="2023-02-01T12:00:54 AEST" name="Default suite" finished-at="2023-02-01T12:02:04 AEST" duration-ms="70095">
    <groups>
    </groups>
    <test started-at="2023-02-01T12:00:54 AEST" name="Default test" finished-at="2023-02-01T12:02:04 AEST" duration-ms="70095">
      <class name="testRunner.PlanitTesting">
        <test-method is-config="true" signature="getDriver()[pri:0, instance:testRunner.PlanitTesting@6069db50]" started-at="2023-02-01T12:00:54 AEST" name="getDriver" finished-at="2023-02-01T12:01:06 AEST" duration-ms="11143" status="PASS">
          <reporter-output>
          </reporter-output>
        </test-method> <!-- getDriver -->
        <test-method signature="verifyErrorMessage()[pri:1, instance:testRunner.PlanitTesting@6069db50]" started-at="2023-02-01T12:01:06 AEST" name="verifyErrorMessage" finished-at="2023-02-01T12:01:07 AEST" duration-ms="1510" status="PASS">
          <reporter-output>
          </reporter-output>
        </test-method> <!-- verifyErrorMessage -->
        <test-method is-config="true" signature="tearDown()[pri:0, instance:testRunner.PlanitTesting@6069db50]" started-at="2023-02-01T12:01:07 AEST" name="tearDown" finished-at="2023-02-01T12:01:08 AEST" duration-ms="592" status="PASS">
          <reporter-output>
          </reporter-output>
        </test-method> <!-- tearDown -->
        <test-method is-config="true" signature="getDriver()[pri:0, instance:testRunner.PlanitTesting@6069db50]" started-at="2023-02-01T12:01:08 AEST" name="getDriver" finished-at="2023-02-01T12:01:13 AEST" duration-ms="4831" status="PASS">
          <reporter-output>
          </reporter-output>
        </test-method> <!-- getDriver -->
        <test-method signature="verifySuccessfulSubmissionMsg()[pri:2, instance:testRunner.PlanitTesting@6069db50]" started-at="2023-02-01T12:01:13 AEST" name="verifySuccessfulSubmissionMsg" finished-at="2023-02-01T12:01:15 AEST" duration-ms="2923" status="PASS">
          <reporter-output>
          </reporter-output>
        </test-method> <!-- verifySuccessfulSubmissionMsg -->
        <test-method is-config="true" signature="tearDown()[pri:0, instance:testRunner.PlanitTesting@6069db50]" started-at="2023-02-01T12:01:15 AEST" name="tearDown" finished-at="2023-02-01T12:01:16 AEST" duration-ms="270" status="PASS">
          <reporter-output>
          </reporter-output>
        </test-method> <!-- tearDown -->
        <test-method is-config="true" signature="getDriver()[pri:0, instance:testRunner.PlanitTesting@6069db50]" started-at="2023-02-01T12:01:16 AEST" name="getDriver" finished-at="2023-02-01T12:01:21 AEST" duration-ms="5088" status="PASS">
          <reporter-output>
          </reporter-output>
        </test-method> <!-- getDriver -->
        <test-method signature="verifySuccessfulSubmissionMsg()[pri:2, instance:testRunner.PlanitTesting@6069db50]" started-at="2023-02-01T12:01:21 AEST" name="verifySuccessfulSubmissionMsg" finished-at="2023-02-01T12:01:29 AEST" duration-ms="8353" status="PASS">
          <reporter-output>
          </reporter-output>
        </test-method> <!-- verifySuccessfulSubmissionMsg -->
        <test-method is-config="true" signature="tearDown()[pri:0, instance:testRunner.PlanitTesting@6069db50]" started-at="2023-02-01T12:01:29 AEST" name="tearDown" finished-at="2023-02-01T12:01:29 AEST" duration-ms="227" status="PASS">
          <reporter-output>
          </reporter-output>
        </test-method> <!-- tearDown -->
        <test-method is-config="true" signature="getDriver()[pri:0, instance:testRunner.PlanitTesting@6069db50]" started-at="2023-02-01T12:01:29 AEST" name="getDriver" finished-at="2023-02-01T12:01:35 AEST" duration-ms="5211" status="PASS">
          <reporter-output>
          </reporter-output>
        </test-method> <!-- getDriver -->
        <test-method signature="verifySuccessfulSubmissionMsg()[pri:2, instance:testRunner.PlanitTesting@6069db50]" started-at="2023-02-01T12:01:35 AEST" name="verifySuccessfulSubmissionMsg" finished-at="2023-02-01T12:01:38 AEST" duration-ms="2992" status="PASS">
          <reporter-output>
          </reporter-output>
        </test-method> <!-- verifySuccessfulSubmissionMsg -->
        <test-method is-config="true" signature="tearDown()[pri:0, instance:testRunner.PlanitTesting@6069db50]" started-at="2023-02-01T12:01:38 AEST" name="tearDown" finished-at="2023-02-01T12:01:38 AEST" duration-ms="303" status="PASS">
          <reporter-output>
          </reporter-output>
        </test-method> <!-- tearDown -->
        <test-method is-config="true" signature="getDriver()[pri:0, instance:testRunner.PlanitTesting@6069db50]" started-at="2023-02-01T12:01:38 AEST" name="getDriver" finished-at="2023-02-01T12:01:44 AEST" duration-ms="5967" status="PASS">
          <reporter-output>
          </reporter-output>
        </test-method> <!-- getDriver -->
        <test-method signature="verifySuccessfulSubmissionMsg()[pri:2, instance:testRunner.PlanitTesting@6069db50]" started-at="2023-02-01T12:01:44 AEST" name="verifySuccessfulSubmissionMsg" finished-at="2023-02-01T12:01:48 AEST" duration-ms="4566" status="PASS">
          <reporter-output>
          </reporter-output>
        </test-method> <!-- verifySuccessfulSubmissionMsg -->
        <test-method is-config="true" signature="tearDown()[pri:0, instance:testRunner.PlanitTesting@6069db50]" started-at="2023-02-01T12:01:48 AEST" name="tearDown" finished-at="2023-02-01T12:01:49 AEST" duration-ms="281" status="PASS">
          <reporter-output>
          </reporter-output>
        </test-method> <!-- tearDown -->
        <test-method is-config="true" signature="getDriver()[pri:0, instance:testRunner.PlanitTesting@6069db50]" started-at="2023-02-01T12:01:49 AEST" name="getDriver" finished-at="2023-02-01T12:01:54 AEST" duration-ms="4937" status="PASS">
          <reporter-output>
          </reporter-output>
        </test-method> <!-- getDriver -->
        <test-method signature="verifySuccessfulSubmissionMsg()[pri:2, instance:testRunner.PlanitTesting@6069db50]" started-at="2023-02-01T12:01:54 AEST" name="verifySuccessfulSubmissionMsg" finished-at="2023-02-01T12:01:56 AEST" duration-ms="2670" status="PASS">
          <reporter-output>
          </reporter-output>
        </test-method> <!-- verifySuccessfulSubmissionMsg -->
        <test-method is-config="true" signature="tearDown()[pri:0, instance:testRunner.PlanitTesting@6069db50]" started-at="2023-02-01T12:01:56 AEST" name="tearDown" finished-at="2023-02-01T12:01:57 AEST" duration-ms="354" status="PASS">
          <reporter-output>
          </reporter-output>
        </test-method> <!-- tearDown -->
        <test-method is-config="true" signature="getDriver()[pri:0, instance:testRunner.PlanitTesting@6069db50]" started-at="2023-02-01T12:01:57 AEST" name="getDriver" finished-at="2023-02-01T12:02:02 AEST" duration-ms="5061" status="PASS">
          <reporter-output>
          </reporter-output>
        </test-method> <!-- getDriver -->
        <test-method signature="validateCartPage1()[pri:3, instance:testRunner.PlanitTesting@6069db50]" started-at="2023-02-01T12:02:02 AEST" name="validateCartPage1" finished-at="2023-02-01T12:02:04 AEST" duration-ms="2405" status="FAIL">
          <exception class="java.lang.AssertionError">
            <message>
              <![CDATA[expected [9.9] but found [9.99]]]>
            </message>
            <full-stacktrace>
              <![CDATA[java.lang.AssertionError: expected [9.9] but found [9.99]
at org.testng.Assert.fail(Assert.java:110)
at org.testng.Assert.failNotEquals(Assert.java:1413)
at org.testng.Assert.assertEquals(Assert.java:727)
at org.testng.Assert.assertEquals(Assert.java:762)
at testRunner.PlanitTesting.validateCartPage1(PlanitTesting.java:67)
at java.base/jdk.internal.reflect.NativeMethodAccessorImpl.invoke0(Native Method)
at java.base/jdk.internal.reflect.NativeMethodAccessorImpl.invoke(NativeMethodAccessorImpl.java:77)
at java.base/jdk.internal.reflect.DelegatingMethodAccessorImpl.invoke(DelegatingMethodAccessorImpl.java:43)
at java.base/java.lang.reflect.Method.invoke(Method.java:568)
at org.testng.internal.invokers.MethodInvocationHelper.invokeMethod(MethodInvocationHelper.java:139)
at org.testng.internal.invokers.TestInvoker.invokeMethod(TestInvoker.java:677)
at org.testng.internal.invokers.TestInvoker.invokeTestMethod(TestInvoker.java:221)
at org.testng.internal.invokers.MethodRunner.runInSequence(MethodRunner.java:50)
at org.testng.internal.invokers.TestInvoker$MethodInvocationAgent.invoke(TestInvoker.java:962)
at org.testng.internal.invokers.TestInvoker.invokeTestMethods(TestInvoker.java:194)
at org.testng.internal.invokers.TestMethodWorker.invokeTestMethods(TestMethodWorker.java:148)
at org.testng.internal.invokers.TestMethodWorker.run(TestMethodWorker.java:128)
at java.base/java.util.ArrayList.forEach(ArrayList.java:1511)
at org.testng.TestRunner.privateRun(TestRunner.java:806)
at org.testng.TestRunner.run(TestRunner.java:601)
at org.testng.SuiteRunner.runTest(SuiteRunner.java:433)
at org.testng.SuiteRunner.runSequentially(SuiteRunner.java:427)
at org.testng.SuiteRunner.privateRun(SuiteRunner.java:387)
at org.testng.SuiteRunner.run(SuiteRunner.java:330)
at org.testng.SuiteRunnerWorker.runSuite(SuiteRunnerWorker.java:52)
at org.testng.SuiteRunnerWorker.run(SuiteRunnerWorker.java:95)
at org.testng.TestNG.runSuitesSequentially(TestNG.java:1256)
at org.testng.TestNG.runSuitesLocally(TestNG.java:1176)
at org.testng.TestNG.runSuites(TestNG.java:1099)
at org.testng.TestNG.run(TestNG.java:1067)
at org.testng.remote.AbstractRemoteTestNG.run(AbstractRemoteTestNG.java:115)
at org.testng.remote.RemoteTestNG.initAndRun(RemoteTestNG.java:251)
at org.testng.remote.RemoteTestNG.main(RemoteTestNG.java:77)
]]>
            </full-stacktrace>
          </exception> <!-- java.lang.AssertionError -->
          <reporter-output>
          </reporter-output>
        </test-method> <!-- validateCartPage1 -->
        <test-method is-config="true" signature="tearDown()[pri:0, instance:testRunner.PlanitTesting@6069db50]" started-at="2023-02-01T12:02:04 AEST" name="tearDown" finished-at="2023-02-01T12:02:04 AEST" duration-ms="276" status="PASS">
          <reporter-output>
          </reporter-output>
        </test-method> <!-- tearDown -->
      </class> <!-- testRunner.PlanitTesting -->
    </test> <!-- Default test -->
  </suite> <!-- Default suite -->
</testng-results>
